\BOOKMARK [1][-]{section.1}{Research\040Interests}{}% 1
\BOOKMARK [1][-]{section.2}{Education}{}% 2
\BOOKMARK [1][-]{section.3}{Professional\040Experience}{}% 3
\BOOKMARK [1][-]{section.4}{Publications}{}% 4
\BOOKMARK [1][-]{section.5}{Awards\040and\040Scholarships}{}% 5
\BOOKMARK [1][-]{section.6}{Funding}{}% 6
\BOOKMARK [1][-]{section.7}{Patents}{}% 7
\BOOKMARK [1][-]{section.8}{Selected\040Press\040Coverage}{}% 8
\BOOKMARK [2][-]{subsection.8.1}{Primary\040research\040projects}{section.8}% 9
\BOOKMARK [2][-]{subsection.8.2}{Collaborated\040research\040projects}{section.8}% 10
\BOOKMARK [1][-]{section.9}{Talks\040and\040Presentations}{}% 11
\BOOKMARK [1][-]{section.10}{Teaching\040and\040Mentoring}{}% 12
\BOOKMARK [2][-]{subsection.10.1}{Course\040Instructor}{section.10}% 13
\BOOKMARK [2][-]{subsection.10.2}{Teaching\040Assistant\040\(Preparing\040&\040Giving\040Lectures\)}{section.10}% 14
\BOOKMARK [2][-]{subsection.10.3}{PhD\040Students\040Mentored\040at\040UCLA}{section.10}% 15
\BOOKMARK [2][-]{subsection.10.4}{MSc\040Students\040Mentored\040at\040UCLA}{section.10}% 16
\BOOKMARK [2][-]{subsection.10.5}{Undergraduate\040Students\040Mentored\040at\040UCLA}{section.10}% 17
\BOOKMARK [2][-]{subsection.10.6}{Mentoring\040during\040PhD\040at\040CMU}{section.10}% 18
\BOOKMARK [1][-]{section.11}{Service}{}% 19
\BOOKMARK [1][-]{section.12}{References}{}% 20
