\BOOKMARK [1][-]{section.1}{Research Interests}{}% 1
\BOOKMARK [1][-]{section.2}{Education}{}% 2
\BOOKMARK [1][-]{section.3}{Professional Experience}{}% 3
\BOOKMARK [1][-]{section.4}{Publications}{}% 4
\BOOKMARK [1][-]{section.5}{Awards and Scholarships}{}% 5
\BOOKMARK [1][-]{section.6}{Funding}{}% 6
\BOOKMARK [1][-]{section.7}{Patents}{}% 7
\BOOKMARK [1][-]{section.8}{Selected Press Coverage}{}% 8
\BOOKMARK [2][-]{subsection.8.1}{Primary research projects}{section.8}% 9
\BOOKMARK [2][-]{subsection.8.2}{Collaborated research projects}{section.8}% 10
\BOOKMARK [1][-]{section.9}{Talks and Presentations}{}% 11
\BOOKMARK [1][-]{section.10}{Teaching and Mentoring}{}% 12
\BOOKMARK [2][-]{subsection.10.1}{Course Instructor}{section.10}% 13
\BOOKMARK [2][-]{subsection.10.2}{Teaching Assistant \(Preparing \046 Giving Lectures\)}{section.10}% 14
\BOOKMARK [2][-]{subsection.10.3}{PhD Students Mentored at UCLA}{section.10}% 15
\BOOKMARK [2][-]{subsection.10.4}{MSc Students Mentored at UCLA}{section.10}% 16
\BOOKMARK [2][-]{subsection.10.5}{Undergraduate Students Mentored at UCLA}{section.10}% 17
\BOOKMARK [2][-]{subsection.10.6}{Mentoring during PhD at CMU}{section.10}% 18
\BOOKMARK [1][-]{section.11}{Service}{}% 19
\BOOKMARK [1][-]{section.12}{References}{}% 20
